========== RUN START: 2026-01-15 00:56:03 ==========
BASE_DIR  : /home/jiangzhenghan/project/4DGaussians
SCRIPT_DIR: /home/jiangzhenghan/project/4DGaussians
LOG_DIR   : /home/jiangzhenghan/project/4DGaussians/logs
Thu Jan 15 00:56:03 2026       
+---------------------------------------------------------------------------------------+
| NVIDIA-SMI 535.183.01             Driver Version: 535.183.01   CUDA Version: 12.2     |
|-----------------------------------------+----------------------+----------------------+
| GPU  Name                 Persistence-M | Bus-Id        Disp.A | Volatile Uncorr. ECC |
| Fan  Temp   Perf          Pwr:Usage/Cap |         Memory-Usage | GPU-Util  Compute M. |
|                                         |                      |               MIG M. |
|=========================================+======================+======================|
|   0  NVIDIA RTX A5000               Off | 00000000:18:00.0 Off |                  Off |
| 30%   60C    P2              91W / 230W |  18176MiB / 24564MiB |      9%      Default |
|                                         |                      |                  N/A |
+-----------------------------------------+----------------------+----------------------+
|   1  NVIDIA RTX A5000               Off | 00000000:86:00.0 Off |                  Off |
| 47%   71C    P2             158W / 230W |  12536MiB / 24564MiB |      0%      Default |
|                                         |                      |                  N/A |
+-----------------------------------------+----------------------+----------------------+
|   2  NVIDIA RTX A5000               Off | 00000000:AF:00.0 Off |                  Off |
| 53%   78C    P2             227W / 230W |  13614MiB / 24564MiB |     96%      Default |
|                                         |                      |                  N/A |
+-----------------------------------------+----------------------+----------------------+
                                                                                         
+---------------------------------------------------------------------------------------+
| Processes:                                                                            |
|  GPU   GI   CI        PID   Type   Process name                            GPU Memory |
|        ID   ID                                                             Usage      |
|=======================================================================================|
|    0   N/A  N/A      2062      G   /usr/lib/xorg/Xorg                            4MiB |
|    0   N/A  N/A   2911142      C   python                                    18162MiB |
|    1   N/A  N/A      2062      G   /usr/lib/xorg/Xorg                            4MiB |
|    1   N/A  N/A   4162283      C   python                                    12522MiB |
|    2   N/A  N/A      2062      G   /usr/lib/xorg/Xorg                            4MiB |
|    2   N/A  N/A   1847767      C   python                                    13600MiB |
+---------------------------------------------------------------------------------------+
Scripts:
  - MeetingRoom_Bacon.sh
  - MeetingRoom_DeliverIcePacks.sh
  - MeetingRoom_EatIceCream.sh
  - MeetingRoom_flare.sh
  - MeetingRoom_HairDryer.sh
  - MeetingRoom_HairDryerDark.sh
  - MeetingRoom_IroningClothes.sh
  - MeetingRoom_Laptop.sh
  - MeetingRoom_LightTheCandles.sh
  - MeetingRoom_MixMilk.sh
  - MeetingRoom_PourHotWater.sh
  - MeetingRoom_WhiteFoamCovers.sh
=================================================

===== START MeetingRoom_Bacon.sh @ 2026-01-15 00:56:03 =====
Script: /home/jiangzhenghan/project/4DGaussians/MeetingRoom_Bacon.sh
Log   : /home/jiangzhenghan/project/4DGaussians/logs/MeetingRoom_Bacon_20260115_005602.log
